2017-09-02,06:56:58,Created. (UTC = 2017-09-02,09:56:58)
2017-09-02,06:57:00,Open Select/Confirm Radiosonde
2017-09-02,06:57:06,Sonde selected IMET-1-ABx
2017-09-02,06:57:06,Close Select/Confirm Radiosonde
2017-09-02,06:57:08,Open Balloon Train
2017-09-02,06:57:10,Close Balloon Train
2017-09-02,06:57:12,Open Station Details
2017-09-02,06:57:13,Close Station Details
2017-09-02,06:57:14,Open Message Setup
2017-09-02,06:57:21,Close Message Setup
2017-09-02,06:57:28,Open Current Weather
2017-09-02,06:57:31,Use ISA for current weather
2017-09-02,06:57:46,Close Current Weather
2017-09-02,06:57:51,Attempt Ready To Launch
2017-09-02,07:10:08,Open Select/Confirm Radiosonde
2017-09-02,07:10:20,Sonde selected IMET-1-ABx
2017-09-02,07:10:20,Close Select/Confirm Radiosonde
2017-09-02,07:39:47,Real PC/UTC Offset confirmed as -2.99 hours (02:59:40.691)
2017-09-02,09:12:44,Graph : Scrolling
2017-09-02,09:15:36,Graph : Scrolling
2017-09-02,09:39:49,Program closed
