2017-08-01,07:43:20,Created. (UTC = 2017-08-01,14:43:20)
2017-08-01,07:43:21,Open Select/Confirm Radiosonde
2017-08-01,07:43:38,Sonde selected IMET-1-ABx
2017-08-01,07:43:38,Close Select/Confirm Radiosonde
2017-08-01,07:43:41,Open Balloon Train
2017-08-01,07:43:46,Close Balloon Train
2017-08-01,07:43:48,Open Station Details
2017-08-01,07:43:50,Close Station Details
2017-08-01,07:43:52,Open Message Setup
2017-08-01,07:43:59,Close Message Setup
2017-08-01,07:56:11,Real PC/UTC Offset confirmed as -2.99 hours (02:59:38.739)
2017-08-01,08:02:48,Open Current Weather
2017-08-01,08:02:51,Use ISA for current weather
2017-08-01,08:02:53,Use radiosonde for current weather
2017-08-01,08:03:18,Close Current Weather
2017-08-01,08:03:21,Attempt Ready To Launch
2017-08-01,08:03:21,Passed Ready To Launch
2017-08-01,08:24:14,Launch detected (156.6m/s)
2017-08-01,08:24:37,Graph : PTU
2017-08-01,08:37:48,Graph : PTU
2017-08-01,08:37:48,Graph : PTU
2017-08-01,08:37:56,Graph : Winds
2017-08-01,08:42:35,Graph : SkewT-LogP
2017-08-01,08:42:49,Graph : Winds
2017-08-01,08:51:48,Graph : SkewT-LogP
2017-08-01,08:54:52,Graph : RAOB
2017-08-01,08:56:08,Graph : Winds
2017-08-01,09:08:40,Graph : SkewT-LogP
2017-08-01,09:09:20,Graph : RAOB
2017-08-01,09:09:33,Graph : Winds
2017-08-01,09:12:24,Graph : SkewT-LogP
2017-08-01,09:26:03,Graph : SkewT-LogP
2017-08-01,09:26:05,Graph : Winds
2017-08-01,09:27:20,Graph : SkewT-LogP
2017-08-01,09:27:46,Graph : Winds
2017-08-01,09:28:38,Graph : PTU
2017-08-01,09:41:50,Graph : Winds
2017-08-01,09:42:00,Graph : Density
2017-08-01,09:42:06,Graph : Flight Path
2017-08-01,09:42:13,Graph : SkewT-LogP
