2017-08-13,08:14:53,Created. (UTC = 2017-08-13,15:14:53)
2017-08-13,08:14:55,Open Select/Confirm Radiosonde
2017-08-13,08:15:06,Sonde selected IMET-1-ABx
2017-08-13,08:15:06,Close Select/Confirm Radiosonde
2017-08-13,08:15:07,Open Balloon Train
2017-08-13,08:15:20,Close Balloon Train
2017-08-13,08:15:22,Open Station Details
2017-08-13,08:15:34,Close Station Details
2017-08-13,08:15:37,Open Message Setup
2017-08-13,08:15:47,Close Message Setup
2017-08-13,08:15:49,Open Current Weather
2017-08-13,08:16:56,Close Current Weather
2017-08-13,08:41:29,Attempt Ready To Launch
2017-08-13,08:42:19,Attempt Ready To Launch
2017-08-13,08:42:28,Attempt Ready To Launch
2017-08-13,08:42:49,Attempt Ready To Launch
2017-08-13,08:44:08,Attempt Ready To Launch
2017-08-13,08:44:13,Attempt Ready To Launch
2017-08-13,08:44:27,Attempt Ready To Launch
2017-08-13,08:44:31,Real PC/UTC Offset confirmed as -2.99 hours (02:59:40.072)
2017-08-13,08:44:36,Attempt Ready To Launch
2017-08-13,08:45:00,Passed Ready To Launch
2017-08-13,08:45:34,Launch detected (153.1m/s)
