2017-07-18,08:26:36,Created. (UTC = 2017-07-18,11:26:15)
2017-07-18,08:26:38,Open Select/Confirm Radiosonde
2017-07-18,08:26:42,Sonde selected IMET-1-ABx
2017-07-18,08:26:42,Close Select/Confirm Radiosonde
2017-07-18,08:26:43,Real PC/UTC Offset confirmed as -2.99 hours (02:59:39.630)
2017-07-18,08:26:44,Open Balloon Train
2017-07-18,08:26:45,Close Balloon Train
2017-07-18,08:26:46,Open Station Details
2017-07-18,08:26:47,Close Station Details
2017-07-18,08:26:48,Open Message Setup
2017-07-18,08:26:55,Close Message Setup
2017-07-18,08:26:57,Open Current Weather
2017-07-18,08:27:03,Use ISA for current weather
2017-07-18,08:27:04,Use radiosonde for current weather
2017-07-18,08:27:11,Use radiosonde for current weather
2017-07-18,08:27:12,Use radiosonde for current weather
2017-07-18,08:27:16,Use ISA for current weather
2017-07-18,08:27:17,Close Current Weather
2017-07-18,08:28:14,Graph : Scrolling
2017-07-18,09:11:26,Program closed
