2017-07-30,10:10:45,Created. (UTC = 2017-07-30,13:10:25)
2017-07-30,10:10:48,Open Select/Confirm Radiosonde
2017-07-30,10:10:53,Sonde selected IMET-1-ABx
2017-07-30,10:10:53,Close Select/Confirm Radiosonde
2017-07-30,10:10:53,Real PC/UTC Offset confirmed as -2.99 hours (02:59:40.023)
2017-07-30,10:10:55,Open Balloon Train
2017-07-30,10:10:56,Close Balloon Train
2017-07-30,10:10:57,Open Station Details
2017-07-30,10:10:58,Close Station Details
2017-07-30,10:10:59,Open Message Setup
2017-07-30,10:11:04,Close Message Setup
2017-07-30,10:11:05,Open Current Weather
2017-07-30,10:11:08,Use ISA for current weather
2017-07-30,10:11:16,Close Current Weather
2017-07-30,10:11:18,Attempt Ready To Launch
2017-07-30,10:11:26,Open Current Weather
2017-07-30,10:11:28,Use radiosonde for current weather
2017-07-30,10:11:34,Use radiosonde for current weather
2017-07-30,10:11:38,Use ISA for current weather
2017-07-30,10:11:39,Close Current Weather
2017-07-30,10:11:41,Attempt Ready To Launch
2017-07-30,10:15:18,Program closed
