2017-09-09,07:24:25,Created. (UTC = 2017-09-09,10:24:25)
2017-09-09,07:24:28,Open Select/Confirm Radiosonde
2017-09-09,07:24:34,Sonde selected IMET-1-ABx
2017-09-09,07:24:34,Close Select/Confirm Radiosonde
2017-09-09,07:24:35,Open Balloon Train
2017-09-09,07:24:36,Close Balloon Train
2017-09-09,07:24:37,Open Station Details
2017-09-09,07:24:39,Close Station Details
2017-09-09,07:24:40,Open Message Setup
2017-09-09,07:24:45,Close Message Setup
2017-09-09,07:24:46,Open Current Weather
2017-09-09,07:24:47,Use ISA for current weather
2017-09-09,07:25:04,Close Current Weather
2017-09-09,07:30:30,Attempt Ready To Launch
2017-09-09,07:30:30,Insufficient pre-launch pressure readings
2017-09-09,07:30:36,Attempt Ready To Launch
2017-09-09,07:30:36,Insufficient pre-launch pressure readings
2017-09-09,07:30:39,Real PC/UTC Offset confirmed as -3.00 hours (02:59:57.599)
2017-09-09,07:30:47,Attempt Ready To Launch
2017-09-09,07:30:57,Passed Ready To Launch
2017-09-09,07:32:03,Launch detected (150.4m/s)
2017-09-09,07:32:23,Launch site estimation Lat:-50.311054 Long:-72.809630
2017-09-09,07:32:24,Graph : PTU
2017-09-09,07:32:39,Graph : PTU
2017-09-09,07:32:39,Graph : PTU
2017-09-09,07:32:56,Graph : PTU
2017-09-09,07:32:58,Graph : SkewT-LogP
2017-09-09,07:33:00,Graph : Flight Path
2017-09-09,07:33:02,Graph : Density
2017-09-09,07:33:04,Graph : Winds
2017-09-09,07:33:05,Graph : PTU
2017-09-09,07:33:40,Graph : PTU
2017-09-09,07:33:42,Graph : Winds
2017-09-09,07:42:10,Graph : SkewT-LogP
2017-09-09,07:42:15,Graph : Winds
2017-09-09,07:42:22,Graph : SkewT-LogP
2017-09-09,07:44:07,Graph : PTU
2017-09-09,07:44:33,Graph : Winds
2017-09-09,07:47:52,Graph : SkewT-LogP
2017-09-09,07:49:38,Graph : Winds
2017-09-09,07:56:07,Graph : Flight Path
2017-09-09,07:56:10,Graph : Winds
2017-09-09,07:56:26,Graph : SkewT-LogP
2017-09-09,07:56:40,Graph : Winds
2017-09-09,08:06:01,Graph : SkewT-LogP
2017-09-09,08:19:46,Graph : Winds
2017-09-09,08:19:57,Graph : Flight Path
2017-09-09,08:19:58,Graph : SkewT-LogP
2017-09-09,08:20:23,Graph : RAOB
2017-09-09,08:24:00,Graph : Winds
2017-09-09,08:27:41,Graph : SkewT-LogP
2017-09-09,08:32:56,Graph : Winds
2017-09-09,09:18:47,Graph : PTU
2017-09-09,09:19:27,Graph : Density
2017-09-09,09:19:30,Graph : Flight Path
2017-09-09,09:19:46,Graph : SkewT-LogP
2017-09-09,09:19:57,Graph : Google Maps
2017-09-09,09:20:10,Graph : Google Earth
2017-09-09,09:34:25,Graph : Flight Path
2017-09-09,09:34:31,Graph : Density
2017-09-09,09:34:41,Graph : Winds
2017-09-09,09:35:04,Graph : PTU
2017-09-09,09:36:25,Graph : PTU
2017-09-09,09:36:28,Graph : Flight Path
2017-09-09,09:36:32,Graph : Google Maps
2017-09-09,09:36:58,Graph : Winds
2017-09-09,09:37:00,Graph : PTU
2017-09-09,09:37:12,Graph : Winds
2017-09-09,09:37:17,Graph : Density
2017-09-09,09:37:21,Graph : Flight Path
2017-09-09,09:37:24,Graph : SkewT-LogP
2017-09-09,10:00:48,Reloaded. (UTC = 2017-09-09,13:00:48)
2017-09-09,10:00:50,Graph : PTU
2017-09-09,10:00:50,Graph : PTU
2017-09-09,10:00:52,Graph : Winds
2017-09-09,10:10:48,Graph : Google Earth
2017-09-09,10:11:18,Graph : PTU
2017-09-09,10:11:21,Graph : Winds
2017-09-09,10:11:24,Graph : Density
2017-09-09,10:11:25,Graph : Flight Path
2017-09-09,10:11:28,Graph : SkewT-LogP
2017-09-09,10:11:29,Graph : Google Maps
2017-09-09,10:11:34,Graph : Flight Path
2017-09-09,10:11:38,Graph : Density
2017-09-09,10:11:40,Graph : Winds
2017-09-09,10:11:42,Graph : PTU
2017-09-09,10:12:53,Graph : RAOB
2017-09-09,10:13:37,Reloaded. (UTC = 2017-09-09,13:13:37)
2017-09-09,10:13:38,Graph : PTU
2017-09-09,10:13:38,Graph : PTU
2017-09-09,10:13:40,Graph : Winds
2017-09-09,11:01:36,Graph : SkewT-LogP
2017-09-09,11:01:37,Graph : Google Maps
