2017-08-15,16:35:03,Created. (UTC = 2017-08-15,23:35:03)
2017-08-15,16:35:04,Open Select/Confirm Radiosonde
2017-08-15,16:35:22,Sonde selected IMET-1-ABx
2017-08-15,16:35:22,Close Select/Confirm Radiosonde
2017-08-15,16:35:30,Open Balloon Train
2017-08-15,16:35:32,Close Balloon Train
2017-08-15,16:35:33,Open Station Details
2017-08-15,16:35:34,Close Station Details
2017-08-15,16:35:35,Open Message Setup
2017-08-15,16:35:40,Close Message Setup
2017-08-15,16:35:43,Program closed
2017-08-16,07:42:37,Reloaded. (UTC = 2017-08-16,14:42:37)
2017-08-16,07:42:39,Open Current Weather
2017-08-16,07:42:46,Close Current Weather
2017-08-16,07:42:57,Real PC/UTC Offset confirmed as -2.99 hours (02:59:40.424)
2017-08-16,07:43:29,Open Current Weather
2017-08-16,07:43:31,Use radiosonde for current weather
2017-08-16,07:45:01,Close Current Weather
2017-08-16,07:45:06,Attempt Ready To Launch
2017-08-16,12:05:41,Reloaded. (UTC = 2017-08-16,15:05:41)
2017-08-16,12:05:42,Open Message Setup
2017-08-16,12:05:49,Close Message Setup
2017-08-16,12:05:50,Open Station Details
2017-08-16,12:06:00,Close Station Details
2017-08-20,20:19:26,Reloaded. (UTC = 2017-08-20,23:19:26)
2017-08-20,20:19:28,Graph : Scrolling
