2017-08-13,08:48:04,Created. (UTC = 2017-08-13,15:48:04)
2017-08-13,08:48:06,Open Select/Confirm Radiosonde
2017-08-13,08:48:22,Sonde selected IMET-1-ABx
2017-08-13,08:48:22,Close Select/Confirm Radiosonde
2017-08-13,08:48:24,Open Station Details
2017-08-13,08:48:27,Close Station Details
2017-08-13,08:48:28,Open Message Setup
2017-08-13,08:48:41,Real PC/UTC Offset confirmed as -2.99 hours (02:59:40.096)
2017-08-13,08:48:45,Close Message Setup
2017-08-13,08:50:29,Graph : Scrolling
2017-08-13,10:10:18,Open Message Setup
2017-08-13,10:10:19,Close Message Setup
2017-08-13,10:10:25,Open Balloon Train
2017-08-13,10:10:26,Close Balloon Train
2017-08-13,10:10:28,Open Current Weather
2017-08-13,10:10:30,Use radiosonde for current weather
2017-08-13,10:10:44,Use ISA for current weather
2017-08-13,10:10:45,Close Current Weather
2017-08-13,10:10:54,Attempt Ready To Launch
2017-08-13,10:11:00,Passed Ready To Launch
2017-08-13,10:11:16,Graph : Scrolling
2017-08-13,10:11:28,Launch detected (150.5m/s)
2017-08-13,10:11:49,Graph : PTU
