2017-09-03,06:53:23,Created. (UTC = 2017-09-03,09:53:23)
2017-09-03,06:53:25,Open Select/Confirm Radiosonde
2017-09-03,06:53:32,Sonde selected IMET-1-ABx
2017-09-03,06:53:32,Close Select/Confirm Radiosonde
2017-09-03,06:53:33,Open Balloon Train
2017-09-03,06:53:35,Close Balloon Train
2017-09-03,06:53:37,Open Station Details
2017-09-03,06:53:39,Close Station Details
2017-09-03,06:53:42,Open Message Setup
2017-09-03,06:53:47,Close Message Setup
2017-09-03,06:54:00,Open Current Weather
2017-09-03,06:54:03,Use ISA for current weather
2017-09-03,06:54:10,Close Current Weather
2017-09-03,06:59:18,Open Select/Confirm Radiosonde
2017-09-03,06:59:38,Sonde selected IMET-1-ABx
2017-09-03,06:59:38,Close Select/Confirm Radiosonde
2017-09-03,07:17:28,Real PC/UTC Offset confirmed as -2.99 hours (02:59:40.793)
2017-09-03,07:21:55,Graph : Scrolling
2017-09-03,07:21:59,Graph : Scrolling
2017-09-03,10:06:38,Program closed
