2017-07-30,07:41:31,Created. (UTC = 2017-07-30,14:41:31)
2017-07-30,07:41:32,Open Select/Confirm Radiosonde
2017-07-30,07:47:26,Sonde selected IMET-1-ABx
2017-07-30,07:47:26,Close Select/Confirm Radiosonde
2017-07-30,07:47:28,Open Balloon Train
2017-07-30,07:47:34,Close Balloon Train
2017-07-30,07:47:35,Open Station Details
2017-07-30,07:47:38,Close Station Details
2017-07-30,07:47:39,Open Message Setup
2017-07-30,07:47:47,Close Message Setup
2017-07-30,07:57:07,Program closed
2017-07-30,08:05:52,Reloaded. (UTC = 2017-07-30,15:05:52)
2017-07-30,08:06:05,Open Station Details
2017-07-30,08:06:07,Close Station Details
2017-07-30,08:06:08,Open Balloon Train
2017-07-30,08:06:10,Close Balloon Train
2017-07-30,08:06:11,Open Select/Confirm Radiosonde
2017-07-30,08:06:12,Real PC/UTC Offset confirmed as -2.99 hours (02:59:40.065)
2017-07-30,08:06:13,Close Select/Confirm Radiosonde
2017-07-30,08:06:14,Open Current Weather
2017-07-30,08:06:16,Use ISA for current weather
2017-07-30,08:06:22,Use radiosonde for current weather
2017-07-30,08:07:06,Close Current Weather
2017-07-30,08:07:09,Attempt Ready To Launch
2017-07-30,08:07:16,Open Select/Confirm Radiosonde
2017-07-30,08:07:19,Sonde selected IMET-1-ABx
2017-07-30,08:07:19,Close Select/Confirm Radiosonde
2017-07-30,08:07:19,Real PC/UTC Offset confirmed as -2.99 hours (02:59:40.060)
2017-07-30,08:07:20,Attempt Ready To Launch
2017-07-30,08:07:30,Open Station Details
2017-07-30,08:07:34,Close Station Details
2017-07-30,08:07:35,Attempt Ready To Launch
2017-07-30,08:07:51,Program closed
2017-07-30,08:08:00,Reloaded. (UTC = 2017-07-30,15:08:00)
2017-07-30,08:08:02,Attempt Ready To Launch
2017-07-30,08:08:20,Real PC/UTC Offset confirmed as -2.99 hours (02:59:40.046)
2017-07-30,08:08:26,Attempt Ready To Launch
2017-07-30,08:08:39,Program closed
