2017-08-12,08:40:56,Created. (UTC = 2017-08-12,15:40:56)
2017-08-12,08:41:07,Program closed
2017-08-12,08:52:33,Reloaded. (UTC = 2017-08-12,15:52:33)
2017-08-12,08:52:36,Open Message Setup
2017-08-12,08:52:44,Close Message Setup
2017-08-12,08:52:51,Open Station Details
2017-08-12,08:55:25,Close Station Details
2017-08-12,08:55:29,Open Select/Confirm Radiosonde
2017-08-12,08:55:45,Sonde selected IMET-1-ABx
2017-08-12,08:55:45,Close Select/Confirm Radiosonde
2017-08-12,08:55:48,Open Balloon Train
2017-08-12,08:55:51,Close Balloon Train
2017-08-12,08:55:57,Open Message Setup
2017-08-12,08:56:03,Close Message Setup
2017-08-12,08:56:04,Real PC/UTC Offset confirmed as -2.99 hours (02:59:40.264)
2017-08-12,08:56:07,Open Current Weather
2017-08-12,08:56:33,Close Current Weather
2017-08-12,08:56:35,Attempt Ready To Launch
2017-08-12,08:56:45,Attempt Ready To Launch
2017-08-12,08:56:56,Open Select/Confirm Radiosonde
2017-08-12,08:57:04,Real PC/UTC Offset confirmed as -2.99 hours (02:59:40.271)
2017-08-12,08:57:20,Sonde selected IMET-1-ABx
2017-08-12,08:57:20,Close Select/Confirm Radiosonde
2017-08-12,08:57:20,Real PC/UTC Offset confirmed as -2.99 hours (02:59:40.273)
2017-08-12,08:57:23,Attempt Ready To Launch
2017-08-12,08:57:26,Open Balloon Train
2017-08-12,08:57:31,Close Balloon Train
2017-08-12,08:57:32,Open Station Details
2017-08-12,08:57:41,Close Station Details
2017-08-12,08:57:44,Attempt Ready To Launch
2017-08-12,08:59:47,Attempt Ready To Launch
2017-08-12,09:00:26,Graph : Scrolling
2017-08-12,09:01:29,Attempt Ready To Launch
2017-08-12,09:01:33,Open Select/Confirm Radiosonde
2017-08-12,09:01:50,Sonde selected IMET-1-ABx
2017-08-12,09:01:50,Close Select/Confirm Radiosonde
2017-08-12,09:01:50,Real PC/UTC Offset confirmed as -2.99 hours (02:59:40.282)
2017-08-12,09:02:15,Attempt Ready To Launch
2017-08-12,09:03:25,Attempt Ready To Launch
2017-08-12,09:05:39,Open Select/Confirm Radiosonde
2017-08-12,09:05:43,Close Select/Confirm Radiosonde
2017-08-12,09:07:36,Graph : Scrolling
2017-08-12,09:51:08,Graph : Scrolling
2017-08-12,09:51:30,Graph : Scrolling
2017-08-12,10:52:49,Graph : Scrolling
2017-08-12,10:53:11,Program closed
2017-08-12,10:54:57,Reloaded. (UTC = 2017-08-12,17:54:57)
2017-08-12,10:54:59,Graph : Scrolling
2017-08-12,10:55:02,Program closed
2017-08-12,16:54:40,Reloaded. (UTC = 2017-08-12,23:54:40)
2017-08-12,16:54:41,Graph : Scrolling
2017-08-12,16:58:30,Open Station Details
2017-08-12,16:58:57,CLEAR station location
2017-08-12,16:59:14,CLEAR station location
2017-08-12,17:00:35,Close Station Details
2017-08-12,17:00:37,Open Station Details
2017-08-12,17:00:39,Close Station Details
2017-08-12,17:00:42,Open Message Setup
2017-08-12,17:00:43,Close Message Setup
2017-08-12,17:10:15,Reloaded. (UTC = 2017-08-13,00:10:15)
2017-08-12,17:10:18,Graph : Scrolling
2017-08-12,17:10:22,Graph : Scrolling
2017-08-12,17:10:25,Program closed
