2017-07-31,07:40:46,Created. (UTC = 2017-07-31,14:40:46)
2017-07-31,07:40:48,Open Select/Confirm Radiosonde
2017-07-31,07:41:08,Sonde selected IMET-1-ABx
2017-07-31,07:41:08,Close Select/Confirm Radiosonde
2017-07-31,07:41:09,Open Balloon Train
2017-07-31,07:41:15,Close Balloon Train
2017-07-31,07:41:18,Open Station Details
2017-07-31,07:41:20,Close Station Details
2017-07-31,07:41:21,Open Message Setup
2017-07-31,07:41:26,Close Message Setup
2017-07-31,07:41:28,Open Current Weather
2017-07-31,07:42:02,Close Current Weather
2017-07-31,07:49:32,Real PC/UTC Offset confirmed as -2.99 hours (02:59:38.925)
2017-07-31,07:49:54,Open Current Weather
2017-07-31,07:49:55,Use radiosonde for current weather
2017-07-31,07:50:18,Close Current Weather
2017-07-31,07:50:20,Attempt Ready To Launch
2017-07-31,07:50:20,Passed Ready To Launch
2017-07-31,08:06:34,Launch detected (151.8m/s)
2017-07-31,08:06:55,Graph : PTU
2017-07-31,08:09:26,Graph : PTU
2017-07-31,08:09:26,Graph : PTU
2017-07-31,08:09:30,Graph : Winds
2017-07-31,08:09:52,Graph : SkewT-LogP
2017-07-31,08:09:56,Graph : Winds
2017-07-31,08:11:45,Graph : SkewT-LogP
2017-07-31,08:12:01,Graph : SkewT-LogP
2017-07-31,08:12:03,Graph : Winds
2017-07-31,08:13:25,Graph : PTU
2017-07-31,08:13:43,Graph : Density
2017-07-31,08:13:47,Graph : Flight Path
2017-07-31,08:13:51,Graph : SkewT-LogP
2017-07-31,08:32:43,Graph : SkewT-LogP
2017-07-31,08:33:10,Graph : Winds
2017-07-31,08:33:37,Manual message Summary
2017-07-31,08:34:09,Graph : Winds
2017-07-31,08:34:23,Graph : SkewT-LogP
2017-07-31,08:36:32,Graph : Google Maps
2017-07-31,08:36:43,Graph : SkewT-LogP
2017-07-31,08:37:20,Graph : Winds
2017-07-31,08:38:51,Graph : SkewT-LogP
2017-07-31,08:39:10,Graph : Winds
2017-07-31,08:42:07,Graph : SkewT-LogP
2017-07-31,08:42:36,Graph : Winds
2017-07-31,08:54:47,Graph : Winds
2017-07-31,08:54:49,Graph : SkewT-LogP
2017-07-31,08:56:10,Graph : Winds
2017-07-31,09:21:28,Graph : PTU
2017-07-31,09:23:52,Graph : Winds
2017-07-31,09:24:30,Graph : Density
2017-07-31,09:24:34,Graph : Flight Path
2017-07-31,09:24:37,Graph : SkewT-LogP
