2017-08-12,08:21:24,Created. (UTC = 2017-08-12,15:21:24)
2017-08-12,08:21:41,Open Select/Confirm Radiosonde
2017-08-12,08:22:10,Sonde selected IMET-1-ABx
2017-08-12,08:22:10,Close Select/Confirm Radiosonde
2017-08-12,08:23:02,Open Balloon Train
2017-08-12,08:23:08,Close Balloon Train
2017-08-12,08:23:10,Open Station Details
2017-08-12,08:23:35,Close Station Details
2017-08-12,08:23:38,Open Message Setup
2017-08-12,08:23:54,Close Message Setup
2017-08-12,08:23:55,Open Current Weather
2017-08-12,08:28:36,Close Current Weather
2017-08-12,08:28:39,Open Current Weather
2017-08-12,08:29:31,Close Current Weather
2017-08-12,08:29:32,Attempt Ready To Launch
2017-08-12,08:31:05,Open Current Weather
2017-08-12,08:31:25,Close Current Weather
2017-08-12,08:32:32,Open Current Weather
2017-08-12,08:32:57,Close Current Weather
2017-08-12,08:33:16,Attempt Ready To Launch
2017-08-12,08:33:23,Real PC/UTC Offset confirmed as -2.99 hours (02:59:40.264)
2017-08-12,08:33:37,Attempt Ready To Launch
2017-08-12,08:33:47,Passed Ready To Launch
2017-08-12,08:34:22,Launch detected (150.3m/s)
