2017-08-13,14:11:13,Created. (UTC = 2017-08-13,21:11:13)
2017-08-13,14:11:14,Open Select/Confirm Radiosonde
2017-08-13,14:11:27,Sonde selected IMET-1-ABx
2017-08-13,14:11:27,Close Select/Confirm Radiosonde
2017-08-13,14:11:29,Open Balloon Train
2017-08-13,14:11:30,Close Balloon Train
2017-08-13,14:11:32,Open Station Details
2017-08-13,14:11:34,Close Station Details
2017-08-13,14:11:36,Open Message Setup
2017-08-13,14:11:43,Close Message Setup
2017-08-13,14:12:58,Program closed
2017-08-14,07:22:47,Reloaded. (UTC = 2017-08-14,14:22:47)
2017-08-14,07:24:29,Open Current Weather
2017-08-14,07:24:59,Close Current Weather
2017-08-14,07:38:02,Open Message Setup
2017-08-14,07:38:07,Close Message Setup
2017-08-14,07:38:09,Open Station Details
2017-08-14,07:38:18,Close Station Details
2017-08-14,07:38:21,Open Balloon Train
2017-08-14,07:38:23,Close Balloon Train
2017-08-14,07:38:25,Open Select/Confirm Radiosonde
2017-08-14,07:38:30,Close Select/Confirm Radiosonde
2017-08-14,07:50:36,Attempt Ready To Launch
2017-08-14,07:50:39,Attempt Ready To Launch
2017-08-14,07:50:44,Attempt Ready To Launch
2017-08-14,07:50:50,Real PC/UTC Offset confirmed as -2.99 hours (02:59:40.043)
2017-08-14,07:51:00,Attempt Ready To Launch
2017-08-14,07:51:16,Attempt Ready To Launch
2017-08-14,07:51:30,Attempt Ready To Launch
2017-08-14,07:51:52,Attempt Ready To Launch
2017-08-14,07:52:03,Attempt Ready To Launch
2017-08-14,07:52:12,Attempt Ready To Launch
2017-08-14,07:52:31,Attempt Ready To Launch
2017-08-14,07:52:48,Attempt Ready To Launch
2017-08-14,07:52:59,Attempt Ready To Launch
2017-08-14,07:53:12,Attempt Ready To Launch
2017-08-14,07:53:17,Open Current Weather
2017-08-14,07:53:19,Close Current Weather
2017-08-14,07:53:30,Attempt Ready To Launch
2017-08-14,07:53:46,Graph : Scrolling
2017-08-14,07:53:58,Attempt Ready To Launch
2017-08-14,07:54:13,Attempt Ready To Launch
2017-08-14,07:54:38,Attempt Ready To Launch
2017-08-14,11:07:11,Program closed
2017-08-14,11:07:53,Reloaded. (UTC = 2017-08-14,18:07:53)
2017-08-14,11:07:54,Graph : Scrolling
2017-08-14,11:08:00,Attempt Ready To Launch
2017-08-14,11:08:06,Program closed
