2017-09-09,09:37:47,Created. (UTC = 2017-09-09,12:37:44)
2017-09-09,09:37:49,Open Select/Confirm Radiosonde
2017-09-09,09:37:54,Sonde selected IMET-1-ABx
2017-09-09,09:37:54,Close Select/Confirm Radiosonde
2017-09-09,09:37:55,Real PC/UTC Offset confirmed as -3.00 hours (02:59:57.581)
2017-09-09,09:37:55,Open Balloon Train
2017-09-09,09:37:57,Close Balloon Train
2017-09-09,09:37:57,Open Station Details
2017-09-09,09:37:59,Close Station Details
2017-09-09,09:38:01,Open Message Setup
2017-09-09,09:38:06,Close Message Setup
2017-09-09,09:38:08,Open Current Weather
2017-09-09,09:38:11,Use ISA for current weather
2017-09-09,09:38:23,Close Current Weather
2017-09-09,09:38:24,Attempt Ready To Launch
2017-09-09,09:38:29,Large pre-launch pressure range
2017-09-09,09:38:32,Attempt Ready To Launch
2017-09-09,09:38:37,Passed Ready To Launch
2017-09-09,09:38:41,Abort Launch
2017-09-09,09:45:12,Program closed
